<?xml version="1.0" encoding="UTF-8"?>
<!-- Generated by org.testng.reporters.JUnitXMLReporter -->
<testsuite hostname="ASDP1747PO02529" ignored="0" name="Default test" tests="4" failures="0" timestamp="26 Jul 2017 09:25:38 GMT" time="9.118" errors="0">
  <testcase name="testLaunchApplication" time="6.006" classname="org.qait.tatoc.test.tatoc1.TatocAdvanceTest"/>
  <testcase name="testClickOnAdvanceCourse" time="0.421" classname="org.qait.tatoc.test.tatoc1.TatocAdvanceTest"/>
  <testcase name="testClickOnNexrFromMenu2" time="0.163" classname="org.qait.tatoc.test.tatoc1.TatocAdvanceTest"/>
  <testcase name="testSubmitValidcredentials" time="2.497" classname="org.qait.tatoc.test.tatoc1.TatocAdvanceTest"/>
</testsuite> <!-- Default test -->
