<?xml version="1.0" encoding="UTF-8"?>
<!-- Generated by org.testng.reporters.JUnitXMLReporter -->
<testsuite hostname="ASDP1747PO02529" ignored="0" name="Command line test" tests="11" failures="0" timestamp="26 Jul 2017 09:36:18 GMT" time="118.018" errors="0">
  <testcase name="testLaunchApplication" time="6.16" classname="org.qait.tatoc.test.tatoc1.TatocAdvanceTest"/>
  <testcase name="testLaunchApplication" time="5.51" classname="org.qait.tatoc.test.tatoc1.TatocBasicTest"/>
  <testcase name="testClickOnAdvanceCourse" time="0.488" classname="org.qait.tatoc.test.tatoc1.TatocAdvanceTest"/>
  <testcase name="testClickOnBasicCourse" time="0.379" classname="org.qait.tatoc.test.tatoc1.TatocBasicTest"/>
  <testcase name="testClickOnNexrFromMenu2" time="0.175" classname="org.qait.tatoc.test.tatoc1.TatocAdvanceTest"/>
  <testcase name="testClickOnGreenBox" time="0.587" classname="org.qait.tatoc.test.tatoc1.TatocBasicTest"/>
  <testcase name="testSubmitValidcredentials" time="2.505" classname="org.qait.tatoc.test.tatoc1.TatocAdvanceTest"/>
  <testcase name="testclickOnProceedWhenColorOfBothBoxAreSame" time="100.83" classname="org.qait.tatoc.test.tatoc1.TatocBasicTest"/>
  <testcase name="testclickOnProceedWhenDragMeBoxIsInCellLabeledDropBox" time="0.266" classname="org.qait.tatoc.test.tatoc1.TatocBasicTest"/>
  <testcase name="testclickOnProceedWhenPopUpWindowFormWasSubmittedProperly" time="0.767" classname="org.qait.tatoc.test.tatoc1.TatocBasicTest"/>
  <testcase name="testclickOnProceedWhenTokenCookieIsSetProperlyAndTokenIsValid" time="0.313" classname="org.qait.tatoc.test.tatoc1.TatocBasicTest"/>
</testsuite> <!-- Command line test -->
